0 verbose cli /usr/local/bin/node /usr/local/bin/npm
1 info using npm@9.6.3
2 info using node@v18.15.0
3 timing npm:load:whichnode Completed in 91ms
4 timing config:load:defaults Completed in 64ms
5 timing config:load:file:/usr/local/lib/node_modules/npm/npmrc Completed in 14ms
6 timing config:load:builtin Completed in 15ms
7 timing config:load:cli Completed in 24ms
8 timing config:load:env Completed in 1ms
9 timing config:load:project Completed in 60ms
10 timing config:load:file:/home/container/.npmrc Completed in 1ms
11 timing config:load:user Completed in 1ms
12 timing config:load:file:/usr/local/etc/npmrc Completed in 3ms
13 timing config:load:global Completed in 3ms
14 timing config:load:setEnvs Completed in 5ms
15 timing config:load Completed in 176ms
16 timing npm:load:configload Completed in 176ms
17 timing npm:load:mkdirpcache Completed in 1ms
18 timing npm:load:mkdirplogs Completed in 1ms
19 verbose title npm start
20 verbose argv "start"
21 timing npm:load:setTitle Completed in 3ms
22 timing config:load:flatten Completed in 7ms
23 timing npm:load:display Completed in 9ms
24 verbose logfile logs-max:10 dir:/home/container/.npm/_logs/2023-04-07T15_44_12_560Z-
25 verbose logfile /home/container/.npm/_logs/2023-04-07T15_44_12_560Z-debug-0.log
26 timing npm:load:logFile Completed in 87ms
27 timing npm:load:timers Completed in 0ms
28 timing npm:load:configScope Completed in 0ms
29 timing npm:load Completed in 369ms
30 timing command:run-script Completed in 33ms
31 timing command:start Completed in 101ms
32 verbose stack Error: ENOENT: no such file or directory, open '/home/container/package.json'
33 verbose cwd /home/container
34 verbose Linux 5.4.0-122-generic
35 verbose node v18.15.0
36 verbose npm  v9.6.3
37 error code ENOENT
38 error syscall open
39 error path /home/container/package.json
40 error errno -2
41 error enoent ENOENT: no such file or directory, open '/home/container/package.json'
42 error enoent This is related to npm not being able to find a file.
42 error enoent
43 verbose exit -2
44 timing npm Completed in 573ms
45 verbose code -2
46 error A complete log of this run can be found in: /home/container/.npm/_logs/2023-04-07T15_44_12_560Z-debug-0.log
