0 verbose cli /usr/local/bin/node /usr/local/bin/npm
1 info using npm@9.6.3
2 info using node@v18.15.0
3 timing npm:load:whichnode Completed in 183ms
4 timing config:load:defaults Completed in 92ms
5 timing config:load:file:/usr/local/lib/node_modules/npm/npmrc Completed in 2ms
6 timing config:load:builtin Completed in 2ms
7 timing config:load:cli Completed in 2ms
8 timing config:load:env Completed in 1ms
9 timing config:load:project Completed in 7ms
10 timing config:load:file:/home/container/.npmrc Completed in 0ms
11 timing config:load:user Completed in 2ms
12 timing config:load:file:/usr/local/etc/npmrc Completed in 13ms
13 timing config:load:global Completed in 14ms
14 timing config:load:setEnvs Completed in 8ms
15 timing config:load Completed in 129ms
16 timing npm:load:configload Completed in 129ms
17 timing npm:load:mkdirpcache Completed in 1ms
18 timing npm:load:mkdirplogs Completed in 49ms
19 verbose title npm install
20 verbose argv "install"
21 timing npm:load:setTitle Completed in 2ms
22 timing config:load:flatten Completed in 11ms
23 timing npm:load:display Completed in 15ms
24 verbose logfile logs-max:10 dir:/home/container/.npm/_logs/2023-04-07T23_49_36_361Z-
25 verbose logfile /home/container/.npm/_logs/2023-04-07T23_49_36_361Z-debug-0.log
26 timing npm:load:logFile Completed in 98ms
27 timing npm:load:timers Completed in 0ms
28 timing npm:load:configScope Completed in 0ms
29 timing npm:load Completed in 478ms
30 timing arborist:ctor Completed in 4ms
31 silly logfile done cleaning log files
32 timing arborist:ctor Completed in 0ms
33 timing idealTree:init Completed in 7022ms
34 timing idealTree:userRequests Completed in 4ms
35 silly idealTree buildDeps
36 timing idealTree:#root Completed in 1ms
37 silly fetch manifest jimp@latest
38 http fetch GET 200 https://registry.npmjs.org/jimp 704ms (cache revalidated)
39 silly fetch manifest libsignal@git+https://github.com/FERDIZ-afk/libsignal-node.git
40 timing idealTree Completed in 11125ms
41 timing command:install Completed in 11310ms
42 verbose stack Error: could not resolve
42 verbose stack     at PlaceDep.failPeerConflict (/usr/local/lib/node_modules/npm/node_modules/@npmcli/arborist/lib/place-dep.js:503:25)
42 verbose stack     at new PlaceDep (/usr/local/lib/node_modules/npm/node_modules/@npmcli/arborist/lib/place-dep.js:157:21)
42 verbose stack     at /usr/local/lib/node_modules/npm/node_modules/@npmcli/arborist/lib/arborist/build-ideal-tree.js:943:31
42 verbose stack     at Array.map (<anonymous>)
42 verbose stack     at [buildDepStep] (/usr/local/lib/node_modules/npm/node_modules/@npmcli/arborist/lib/arborist/build-ideal-tree.js:943:8)
42 verbose stack     at async Arborist.buildIdealTree (/usr/local/lib/node_modules/npm/node_modules/@npmcli/arborist/lib/arborist/build-ideal-tree.js:207:7)
42 verbose stack     at async Promise.all (index 1)
42 verbose stack     at async Arborist.reify (/usr/local/lib/node_modules/npm/node_modules/@npmcli/arborist/lib/arborist/reify.js:159:5)
42 verbose stack     at async Install.exec (/usr/local/lib/node_modules/npm/lib/commands/install.js:146:5)
42 verbose stack     at async module.exports (/usr/local/lib/node_modules/npm/lib/cli.js:89:5)
43 verbose cwd /home/container
44 verbose Linux 5.4.0-122-generic
45 verbose node v18.15.0
46 verbose npm  v9.6.3
47 error code ERESOLVE
48 error ERESOLVE could not resolve
49 error
50 error While resolving: [1m@ferdiz-afk/baileys[22m@[1m5.0.5[22m
50 error Found: [1mjimp[22m@[1m0.16.13[22m[2m[22m
50 error [2mnode_modules/jimp[22m
50 error   [1mjimp[22m@"[1m^0.16.1[22m" from the root project
50 error
50 error Could not resolve dependency:
50 error peerOptional [1mjimp[22m@"[1mlatest[22m" from [1m@adiwajshing/baileys[22m@[1m5.0.5[22m[2m[22m
50 error [2mnode_modules/@adiwajshing/baileys[22m
50 error   [1m@adiwajshing/baileys[22m@"[1mnpm:@ferdiz-afk/baileys@5.0.5[22m" from the root project
50 error
50 error Conflicting peer dependency: [1mjimp[22m@[1m0.22.7[22m[2m[22m
50 error [2mnode_modules/jimp[22m
50 error   peerOptional [1mjimp[22m@"[1mlatest[22m" from [1m@adiwajshing/baileys[22m@[1m5.0.5[22m[2m[22m
50 error   [2mnode_modules/@adiwajshing/baileys[22m
50 error     [1m@adiwajshing/baileys[22m@"[1mnpm:@ferdiz-afk/baileys@5.0.5[22m" from the root project
50 error
50 error Fix the upstream dependency conflict, or retry
50 error this command with --force or --legacy-peer-deps
50 error to accept an incorrect (and potentially broken) dependency resolution.
51 error
51 error
51 error For a full report see:
51 error /home/container/.npm/_logs/2023-04-07T23_49_36_361Z-eresolve-report.txt
52 verbose exit 1
53 timing npm Completed in 12000ms
54 verbose unfinished npm timer reify 1680911377030
55 verbose unfinished npm timer reify:loadTrees 1680911377140
56 verbose unfinished npm timer idealTree:buildDeps 1680911384170
57 verbose unfinished npm timer idealTree:node_modules/@adiwajshing/baileys 1680911384178
58 verbose code 1
59 error A complete log of this run can be found in: /home/container/.npm/_logs/2023-04-07T23_49_36_361Z-debug-0.log
