0 verbose cli /usr/local/bin/node /usr/local/bin/npm
1 info using npm@9.6.3
2 info using node@v18.15.0
3 timing npm:load:whichnode Completed in 1ms
4 timing config:load:defaults Completed in 57ms
5 timing config:load:file:/usr/local/lib/node_modules/npm/npmrc Completed in 7ms
6 timing config:load:builtin Completed in 7ms
7 timing config:load:cli Completed in 4ms
8 timing config:load:env Completed in 0ms
9 timing config:load:project Completed in 3ms
10 timing config:load:file:/home/container/.npmrc Completed in 20ms
11 timing config:load:user Completed in 20ms
12 timing config:load:file:/usr/local/etc/npmrc Completed in 0ms
13 timing config:load:global Completed in 1ms
14 timing config:load:setEnvs Completed in 2ms
15 timing config:load Completed in 96ms
16 timing npm:load:configload Completed in 96ms
17 timing npm:load:mkdirpcache Completed in 1ms
18 timing npm:load:mkdirplogs Completed in 0ms
19 verbose title npm install
20 verbose argv "install"
21 timing npm:load:setTitle Completed in 3ms
22 timing config:load:flatten Completed in 55ms
23 timing npm:load:display Completed in 56ms
24 verbose logfile logs-max:10 dir:/home/container/.npm/_logs/2023-04-07T16_16_47_452Z-
25 verbose logfile /home/container/.npm/_logs/2023-04-07T16_16_47_452Z-debug-0.log
26 timing npm:load:logFile Completed in 12ms
27 timing npm:load:timers Completed in 0ms
28 timing npm:load:configScope Completed in 0ms
29 timing npm:load Completed in 170ms
30 timing arborist:ctor Completed in 1ms
31 silly logfile done cleaning log files
32 timing arborist:ctor Completed in 0ms
33 timing idealTree:init Completed in 5593ms
34 timing idealTree:userRequests Completed in 0ms
35 silly idealTree buildDeps
36 timing idealTree:#root Completed in 0ms
37 silly fetch manifest jimp@latest
38 http fetch GET 200 https://registry.npmjs.org/npm 5911ms (cache miss)
39 http fetch GET 200 https://registry.npmjs.org/jimp 929ms (cache miss)
40 silly fetch manifest libsignal@git+https://github.com/FERDIZ-afk/libsignal-node.git
41 timing idealTree Completed in 9016ms
42 timing command:install Completed in 9298ms
43 notice
43 notice New [32mpatch[39m version of npm available! [31m9.6.3[39m -> [32m9.6.4[39m
43 notice Changelog: [36mhttps://github.com/npm/cli/releases/tag/v9.6.4[39m
43 notice Run [32mnpm install -g npm@9.6.4[39m to update!
43 notice
44 verbose stack Error: could not resolve
44 verbose stack     at PlaceDep.failPeerConflict (/usr/local/lib/node_modules/npm/node_modules/@npmcli/arborist/lib/place-dep.js:503:25)
44 verbose stack     at new PlaceDep (/usr/local/lib/node_modules/npm/node_modules/@npmcli/arborist/lib/place-dep.js:157:21)
44 verbose stack     at /usr/local/lib/node_modules/npm/node_modules/@npmcli/arborist/lib/arborist/build-ideal-tree.js:943:31
44 verbose stack     at Array.map (<anonymous>)
44 verbose stack     at [buildDepStep] (/usr/local/lib/node_modules/npm/node_modules/@npmcli/arborist/lib/arborist/build-ideal-tree.js:943:8)
44 verbose stack     at async Arborist.buildIdealTree (/usr/local/lib/node_modules/npm/node_modules/@npmcli/arborist/lib/arborist/build-ideal-tree.js:207:7)
44 verbose stack     at async Promise.all (index 1)
44 verbose stack     at async Arborist.reify (/usr/local/lib/node_modules/npm/node_modules/@npmcli/arborist/lib/arborist/reify.js:159:5)
44 verbose stack     at async Install.exec (/usr/local/lib/node_modules/npm/lib/commands/install.js:146:5)
44 verbose stack     at async module.exports (/usr/local/lib/node_modules/npm/lib/cli.js:89:5)
45 verbose cwd /home/container
46 verbose Linux 5.4.0-122-generic
47 verbose node v18.15.0
48 verbose npm  v9.6.3
49 error code ERESOLVE
50 error ERESOLVE could not resolve
51 error
52 error While resolving: [1m@ferdiz-afk/baileys[22m@[1m5.0.5[22m
52 error Found: [1mjimp[22m@[1m0.16.13[22m[2m[22m
52 error [2mnode_modules/jimp[22m
52 error   [1mjimp[22m@"[1m^0.16.1[22m" from the root project
52 error
52 error Could not resolve dependency:
52 error peerOptional [1mjimp[22m@"[1mlatest[22m" from [1m@adiwajshing/baileys[22m@[1m5.0.5[22m[2m[22m
52 error [2mnode_modules/@adiwajshing/baileys[22m
52 error   [1m@adiwajshing/baileys[22m@"[1mnpm:@ferdiz-afk/baileys@5.0.5[22m" from the root project
52 error
52 error Conflicting peer dependency: [1mjimp[22m@[1m0.22.7[22m[2m[22m
52 error [2mnode_modules/jimp[22m
52 error   peerOptional [1mjimp[22m@"[1mlatest[22m" from [1m@adiwajshing/baileys[22m@[1m5.0.5[22m[2m[22m
52 error   [2mnode_modules/@adiwajshing/baileys[22m
52 error     [1m@adiwajshing/baileys[22m@"[1mnpm:@ferdiz-afk/baileys@5.0.5[22m" from the root project
52 error
52 error Fix the upstream dependency conflict, or retry
52 error this command with --force or --legacy-peer-deps
52 error to accept an incorrect (and potentially broken) dependency resolution.
53 error
53 error
53 error For a full report see:
53 error /home/container/.npm/_logs/2023-04-07T16_16_47_452Z-eresolve-report.txt
54 verbose exit 1
55 timing npm Completed in 9565ms
56 verbose unfinished npm timer reify 1680884207651
57 verbose unfinished npm timer reify:loadTrees 1680884207927
58 verbose unfinished npm timer idealTree:buildDeps 1680884213523
59 verbose unfinished npm timer idealTree:node_modules/@adiwajshing/baileys 1680884213526
60 verbose code 1
61 error A complete log of this run can be found in: /home/container/.npm/_logs/2023-04-07T16_16_47_452Z-debug-0.log
